<?xml version="1.0" encoding="UTF-8" ?>
<testsuite tests="1" failures="0" name="com.google.TestRunner" time="14.994" errors="1" skipped="0">
  <properties>
[...]
</properties>
  <testcase classname="Search automation from google" name="search Automation in google" time="14.994">
    <error message="Unable to locate element: //*[@class=&apos;jfN4p&apos;]
For documentation on this error, please visit: https://selenium.dev/exceptions/#no_such_element
Build info: version: &apos;4.1.1&apos;, revision: &apos;e8fcc2cecf&apos;
System info: host: &apos;CPU-1260&apos;, ip: &apos;192.168.1.69&apos;, os.name: &apos;Windows 10&apos;, os.arch: &apos;amd64&apos;, os.version: &apos;10.0&apos;, java.version: &apos;17.0.4.1&apos;
Driver info: org.openqa.selenium.firefox.FirefoxDriver
Command: [e44ab3f9-0a54-4348-8640-224610335e2d, findElement {using=xpath, value=//*[@class=&apos;jfN4p&apos;]}]
Capabilities {acceptInsecureCerts: true, browserName: firefox, browserVersion: 106.0.5, javascriptEnabled: true, moz:accessibilityChecks: false, moz:buildID: 20221104133228, moz:debuggerAddress: 127.0.0.1:49845, moz:geckodriverVersion: 0.32.0, moz:headless: false, moz:platformVersion: 10.0, moz:processID: 5904, moz:profile: C:\Users\teerthp\AppData\Lo..., moz:shutdownTimeout: 60000, moz:useNonSpecCompliantPointerOrigin: false, moz:webdriverClick: true, moz:windowless: false, pageLoadStrategy: normal, platform: WINDOWS, platformName: WINDOWS, proxy: Proxy(), se:cdp: ws://127.0.0.1:49845/devtoo..., se:cdpVersion: 85, setWindowRect: true, strictFileInteractability: false, timeouts: {implicit: 0, pageLoad: 300000, script: 30000}, unhandledPromptBehavior: dismiss and notify}
Session ID: e44ab3f9-0a54-4348-8640-224610335e2d" type="org.openqa.selenium.NoSuchElementException">org.openqa.selenium.NoSuchElementException: Unable to locate element: //*[@class=&apos;jfN4p&apos;]
For documentation on this error, please visit: https://selenium.dev/exceptions/#no_such_element
Build info: version: &apos;4.1.1&apos;, revision: &apos;e8fcc2cecf&apos;
System info: host: &apos;CPU-1260&apos;, ip: &apos;192.168.1.69&apos;, os.name: &apos;Windows 10&apos;, os.arch: &apos;amd64&apos;, os.version: &apos;10.0&apos;, java.version: &apos;17.0.4.1&apos;
Driver info: org.openqa.selenium.firefox.FirefoxDriver
Command: [e44ab3f9-0a54-4348-8640-224610335e2d, findElement {using=xpath, value=//*[@class=&apos;jfN4p&apos;]}]
Capabilities {acceptInsecureCerts: true, browserName: firefox, browserVersion: 106.0.5, javascriptEnabled: true, moz:accessibilityChecks: false, moz:buildID: 20221104133228, moz:debuggerAddress: 127.0.0.1:49845, moz:geckodriverVersion: 0.32.0, moz:headless: false, moz:platformVersion: 10.0, moz:processID: 5904, moz:profile: C:\Users\teerthp\AppData\Lo..., moz:shutdownTimeout: 60000, moz:useNonSpecCompliantPointerOrigin: false, moz:webdriverClick: true, moz:windowless: false, pageLoadStrategy: normal, platform: WINDOWS, platformName: WINDOWS, proxy: Proxy(), se:cdp: ws://127.0.0.1:49845/devtoo..., se:cdpVersion: 85, setWindowRect: true, strictFileInteractability: false, timeouts: {implicit: 0, pageLoad: 300000, script: 30000}, unhandledPromptBehavior: dismiss and notify}
Session ID: e44ab3f9-0a54-4348-8640-224610335e2d
	at java.base/jdk.internal.reflect.NativeConstructorAccessorImpl.newInstance0(Native Method)
	at java.base/jdk.internal.reflect.NativeConstructorAccessorImpl.newInstance(NativeConstructorAccessorImpl.java:77)
	at java.base/jdk.internal.reflect.DelegatingConstructorAccessorImpl.newInstance(DelegatingConstructorAccessorImpl.java:45)
	at java.base/java.lang.reflect.Constructor.newInstanceWithCaller(Constructor.java:499)
	at java.base/java.lang.reflect.Constructor.newInstance(Constructor.java:480)
	at org.openqa.selenium.remote.codec.w3c.W3CHttpResponseCodec.createException(W3CHttpResponseCodec.java:200)
	at org.openqa.selenium.remote.codec.w3c.W3CHttpResponseCodec.decode(W3CHttpResponseCodec.java:133)
	at org.openqa.selenium.remote.codec.w3c.W3CHttpResponseCodec.decode(W3CHttpResponseCodec.java:53)
	at org.openqa.selenium.remote.HttpCommandExecutor.execute(HttpCommandExecutor.java:184)
	at org.openqa.selenium.remote.service.DriverCommandExecutor.invokeExecute(DriverCommandExecutor.java:167)
	at org.openqa.selenium.remote.service.DriverCommandExecutor.execute(DriverCommandExecutor.java:142)
	at org.openqa.selenium.remote.RemoteWebDriver.execute(RemoteWebDriver.java:543)
	at org.openqa.selenium.remote.ElementLocation$ElementFinder$2.findElement(ElementLocation.java:162)
	at org.openqa.selenium.remote.ElementLocation.findElement(ElementLocation.java:60)
	at org.openqa.selenium.remote.RemoteWebDriver.findElement(RemoteWebDriver.java:367)
	at org.openqa.selenium.remote.RemoteWebDriver.findElement(RemoteWebDriver.java:359)
	at com.google.Pages.GoogleHomePage.verifySearchPage(GoogleHomePage.java:45)
	at com.google.Steps.SearchSteps.verify_if_search_page_will_be_displayed(SearchSteps.java:47)
	at ✽.verify if search page will be displayed(file:///C:/Users/teerthp/Documents/Automation/Automation-Local/SeleniumMavencucumber2/src/test/resources/sample.feature:9)
</error>
    <system-out>It is an parameterFirefox
</system-out>
    <system-err>SLF4J: No SLF4J providers were found.
SLF4J: Defaulting to no-operation (NOP) logger implementation
SLF4J: See https://www.slf4j.org/codes.html#noProviders for further details.
1668886416933	geckodriver	INFO	Listening on 127.0.0.1:62568
1668886417167	mozrunner::runner	INFO	Running command: &quot;C:\\Program Files\\Mozilla Firefox\\firefox.exe&quot; &quot;--marionette&quot; &quot;--remote-debugging-port&quot; &quot;49845&quot; &quot;--remote-allow-hosts&quot; &quot;localhost&quot; &quot;-no-remote&quot; &quot;-profile&quot; &quot;C:\\Users\\teerthp\\AppData\\Local\\Temp\\rust_mozprofileYSETA0&quot;
1668886417435	Marionette	INFO	Marionette enabled
1668886417439	Marionette	INFO	Listening on port 49229
Read port: 49229
WebDriver BiDi listening on ws://127.0.0.1:49845
1668886417540	RemoteAgent	WARN	TLS certificate errors will be ignored for this session
console.warn: SearchSettings: &quot;get: No settings file exists, new profile?&quot; (new NotFoundError(&quot;Could not open the file at C:\\Users\\teerthp\\AppData\\Local\\Temp\\rust_mozprofileYSETA0\\search.json.mozlz4&quot;, (void 0)))
DevTools listening on ws://127.0.0.1:49845/devtools/browser/983b9ed5-32da-45f1-a8b4-fc4e43cdd515
Nov 20, 2022 1:03:46 AM org.openqa.selenium.remote.ProtocolHandshake createSession
INFO: Detected dialect: W3C
console.warn: LoginRecipes: &quot;Falling back to a synchronous message for: https://www.google.com.&quot;
1668886430575	Marionette	INFO	Stopped listening on port 49229
</system-err>
  </testcase>
</testsuite>